#! /c/Source/iverilog-install/bin/vvp
:ivl_version "12.0 (devel)" "(s20150603-1539-g2693dd32b)";
:ivl_delay_selection "TYPICAL";
:vpi_time_precision - 12;
:vpi_module "D:\Downloads\iverilog\lib\ivl\system.vpi";
:vpi_module "D:\Downloads\iverilog\lib\ivl\vhdl_sys.vpi";
:vpi_module "D:\Downloads\iverilog\lib\ivl\vhdl_textio.vpi";
:vpi_module "D:\Downloads\iverilog\lib\ivl\v2005_math.vpi";
:vpi_module "D:\Downloads\iverilog\lib\ivl\va_math.vpi";
S_000001f0205d80d0 .scope module, "ControlUnit_tb" "ControlUnit_tb" 2 3;
 .timescale -9 -12;
v000001f02058b9b0_0 .net "ALUOp", 1 0, v000001f0205a37c0_0;  1 drivers
v000001f0205d4070_0 .net "ALUSrc", 0 0, v000001f0205a3530_0;  1 drivers
v000001f0205d4110_0 .net "Branch", 0 0, v000001f0205a3120_0;  1 drivers
v000001f0205d49c0_0 .net "MemRead", 0 0, v000001f02058b690_0;  1 drivers
v000001f0205d4a60_0 .net "MemWrite", 0 0, v000001f02058b730_0;  1 drivers
v000001f0205d4b00_0 .net "MemtoReg", 0 0, v000001f02058b7d0_0;  1 drivers
v000001f0205d4ba0_0 .net "RegWrite", 0 0, v000001f02058b870_0;  1 drivers
v000001f02061d7b0_0 .var "opcode", 6 2;
S_000001f0205d8260 .scope module, "uut" "ControlUnit" 2 10, 3 1 0, S_000001f0205d80d0;
 .timescale -9 -12;
    .port_info 0 /INPUT 5 "opcode";
    .port_info 1 /OUTPUT 1 "Branch";
    .port_info 2 /OUTPUT 1 "MemRead";
    .port_info 3 /OUTPUT 1 "MemtoReg";
    .port_info 4 /OUTPUT 1 "MemWrite";
    .port_info 5 /OUTPUT 1 "ALUSrc";
    .port_info 6 /OUTPUT 1 "RegWrite";
    .port_info 7 /OUTPUT 2 "ALUOp";
v000001f0205a37c0_0 .var "ALUOp", 1 0;
v000001f0205a3530_0 .var "ALUSrc", 0 0;
v000001f0205a3120_0 .var "Branch", 0 0;
v000001f02058b690_0 .var "MemRead", 0 0;
v000001f02058b730_0 .var "MemWrite", 0 0;
v000001f02058b7d0_0 .var "MemtoReg", 0 0;
v000001f02058b870_0 .var "RegWrite", 0 0;
v000001f02058b910_0 .net "opcode", 6 2, v000001f02061d7b0_0;  1 drivers
E_000001f0205d8db0 .event anyedge, v000001f02058b910_0;
    .scope S_000001f0205d8260;
T_0 ;
    %wait E_000001f0205d8db0;
    %pushi/vec4 0, 0, 1;
    %store/vec4 v000001f0205a3120_0, 0, 1;
    %pushi/vec4 0, 0, 1;
    %store/vec4 v000001f02058b690_0, 0, 1;
    %pushi/vec4 0, 0, 1;
    %store/vec4 v000001f02058b7d0_0, 0, 1;
    %pushi/vec4 0, 0, 1;
    %store/vec4 v000001f02058b730_0, 0, 1;
    %pushi/vec4 0, 0, 1;
    %store/vec4 v000001f0205a3530_0, 0, 1;
    %pushi/vec4 0, 0, 1;
    %store/vec4 v000001f02058b870_0, 0, 1;
    %pushi/vec4 0, 0, 2;
    %store/vec4 v000001f0205a37c0_0, 0, 2;
    %load/vec4 v000001f02058b910_0;
    %dup/vec4;
    %pushi/vec4 12, 0, 5;
    %cmp/u;
    %jmp/1 T_0.0, 6;
    %dup/vec4;
    %pushi/vec4 0, 0, 5;
    %cmp/u;
    %jmp/1 T_0.1, 6;
    %dup/vec4;
    %pushi/vec4 8, 0, 5;
    %cmp/u;
    %jmp/1 T_0.2, 6;
    %dup/vec4;
    %pushi/vec4 24, 0, 5;
    %cmp/u;
    %jmp/1 T_0.3, 6;
    %jmp T_0.4;
T_0.0 ;
    %pushi/vec4 1, 0, 1;
    %store/vec4 v000001f02058b870_0, 0, 1;
    %pushi/vec4 2, 0, 2;
    %store/vec4 v000001f0205a37c0_0, 0, 2;
    %jmp T_0.4;
T_0.1 ;
    %pushi/vec4 1, 0, 1;
    %store/vec4 v000001f02058b690_0, 0, 1;
    %pushi/vec4 1, 0, 1;
    %store/vec4 v000001f02058b7d0_0, 0, 1;
    %pushi/vec4 1, 0, 1;
    %store/vec4 v000001f0205a3530_0, 0, 1;
    %pushi/vec4 1, 0, 1;
    %store/vec4 v000001f02058b870_0, 0, 1;
    %pushi/vec4 0, 0, 2;
    %store/vec4 v000001f0205a37c0_0, 0, 2;
    %jmp T_0.4;
T_0.2 ;
    %pushi/vec4 1, 0, 1;
    %store/vec4 v000001f02058b730_0, 0, 1;
    %pushi/vec4 1, 0, 1;
    %store/vec4 v000001f0205a3530_0, 0, 1;
    %pushi/vec4 0, 0, 2;
    %store/vec4 v000001f0205a37c0_0, 0, 2;
    %jmp T_0.4;
T_0.3 ;
    %pushi/vec4 1, 0, 1;
    %store/vec4 v000001f0205a3120_0, 0, 1;
    %pushi/vec4 1, 0, 2;
    %store/vec4 v000001f0205a37c0_0, 0, 2;
    %jmp T_0.4;
T_0.4 ;
    %pop/vec4 1;
    %jmp T_0;
    .thread T_0, $push;
    .scope S_000001f0205d80d0;
T_1 ;
    %pushi/vec4 12, 0, 5;
    %store/vec4 v000001f02061d7b0_0, 0, 5;
    %delay 10000, 0;
    %pushi/vec4 0, 0, 5;
    %store/vec4 v000001f02061d7b0_0, 0, 5;
    %delay 10000, 0;
    %pushi/vec4 8, 0, 5;
    %store/vec4 v000001f02061d7b0_0, 0, 5;
    %delay 10000, 0;
    %pushi/vec4 24, 0, 5;
    %store/vec4 v000001f02061d7b0_0, 0, 5;
    %delay 10000, 0;
    %vpi_call 2 38 "$finish" {0 0 0};
    %end;
    .thread T_1;
# The file index is used to find the file name in the following table.
:file_names 4;
    "N/A";
    "<interactive>";
    "tb_cu.v";
    "./../src/cu.v";
