#! /c/Source/iverilog-install/bin/vvp
:ivl_version "12.0 (devel)" "(s20150603-1539-g2693dd32b)";
:ivl_delay_selection "TYPICAL";
:vpi_time_precision + 0;
:vpi_module "D:\Downloads\iverilog\lib\ivl\system.vpi";
:vpi_module "D:\Downloads\iverilog\lib\ivl\vhdl_sys.vpi";
:vpi_module "D:\Downloads\iverilog\lib\ivl\vhdl_textio.vpi";
:vpi_module "D:\Downloads\iverilog\lib\ivl\v2005_math.vpi";
:vpi_module "D:\Downloads\iverilog\lib\ivl\va_math.vpi";
S_000001dff25d2df0 .scope module, "read_text" "read_text" 2 1;
 .timescale 0 0;
v000001dff25d2f80 .array "inst_mem", 31 0, 31 0;
    .scope S_000001dff25d2df0;
T_0 ;
    %vpi_call 2 5 "$readmemb", "instructions.txt", v000001dff25d2f80 {0 0 0};
    %vpi_call 2 6 "$display", "instruction is %h", &A<v000001dff25d2f80, 0> {0 0 0};
    %vpi_call 2 7 "$display", "instruction is %h", &A<v000001dff25d2f80, 31> {0 0 0};
    %vpi_call 2 8 "$display", "instruction is %h", &A<v000001dff25d2f80, 10> {0 0 0};
    %vpi_call 2 9 "$display", "instruction is %h", &A<v000001dff25d2f80, 5> {0 0 0};
    %end;
    .thread T_0;
# The file index is used to find the file name in the following table.
:file_names 3;
    "N/A";
    "<interactive>";
    "read_text.v";
